<?xml version="1.0" encoding="UTF-8"?>
<!-- Generated by org.testng.reporters.JUnitReportReporter -->
<testsuite skipped="0" hostname="DESKTOP-AMOSNVQ" name="tests.Tutorials_Ninja_Landing_Page_Test" tests="1" failures="0" timestamp="2021-05-06T03:28:36 EDT" time="20.127" errors="0">
  <testcase name="openApplicationAndVerifyPage" time="20.127" classname="tests.Tutorials_Ninja_Landing_Page_Test"/>
  <system-out/>
</testsuite> <!-- tests.Tutorials_Ninja_Landing_Page_Test -->
